<?xml version="1.0" encoding="UTF-8"?>
<!-- Generated by org.testng.reporters.JUnitXMLReporter -->
<testsuite ignored="0" hostname="DESKTOP-3RJO6BK" failures="0" tests="11" name="Default test" time="34.413" errors="0" timestamp="2023-10-11T09:35:55 IST">
  <testcase classname="com.OrangeHRMApplicationPagesTests.MultiUsersCredentials_OhrmLoginPage_Test" name="validatingLogInPanelTextTest" time="0.081"/>
  <testcase classname="com.OrangeHRMApplicationPagesTests.MultiUsersCredentials_OhrmLoginPage_Test" name="validatingOrangeHRMApplicationLogoTest" time="0.172"/>
  <testcase classname="com.OrangeHRMApplicationPagesTests.MultiUsersCredentials_OhrmLoginPage_Test" name="orangeHRMApplicationLogInPage_logInTest" time="13.15"/>
  <testcase classname="com.OrangeHRMApplicationPagesTests.MultiUsersCredentials_OhrmLoginPage_Test" name="orangeHRMApplicationHome_WelcomeAdminClick" time="0.138"/>
  <testcase classname="com.OrangeHRMApplicationPagesTests.MultiUsersCredentials_OhrmLoginPage_Test" name="orangeHRMApplicationLogOutTest" time="1.134"/>
  <testcase classname="com.OrangeHRMApplicationPagesTests.MultiUsersCredentials_OhrmLoginPage_Test" name="orangeHRMApplicationLoginPage_ComboBoxTest" time="0.258"/>
  <testcase classname="com.OrangeHRMApplicationPagesTests.MultiUsersCredentials_OhrmLoginPage_Test" name="orangeHRMApplication_FooterLoginButtonTest" time="0.167"/>
  <testcase classname="com.OrangeHRMApplicationPagesTests.MultiUsersCredentials_OhrmLoginPage_Test" name="orangeHRMApplication_FooterAlternativeLoginTextTest" time="0.072"/>
  <testcase classname="com.OrangeHRMApplicationPagesTests.MultiUsersCredentials_OhrmLoginPage_Test" name="orangeHRMApplication_FooterDiv2ElementsTest" time="0.059"/>
  <testcase classname="com.OrangeHRMApplicationPagesTests.MultiUsersCredentials_OhrmLoginPage_Test" name="orangeHRMApplicationOhrmIncLinkTest" time="0.112"/>
  <testcase classname="com.OrangeHRMApplicationPagesTests.MultiUsersCredentials_OhrmLoginPage_Test" name="orangeHRMApplicationSocialIconsTest" time="0.449"/>
</testsuite> <!-- Default test -->
