<?xml version="1.0" encoding="UTF-8"?>
<!-- Generated by org.testng.reporters.JUnitXMLReporter -->
<testsuite ignored="0" hostname="DESKTOP-3RJO6BK" failures="0" tests="2" name="OrangeHrm_WebApp_Login_MultipleUsers" time="18.98" errors="0" timestamp="2023-10-07T15:27:05 IST">
  <testcase classname="com.OrangeHRMWebAppTestCases.Ohrm_MutlipleUserCredentialsLogin_TestNg_PropFile" name="orangeHrmWebApplicationLoginPage" time="1.34"/>
  <testcase classname="com.OrangeHRMWebAppTestCases.Ohrm_MutlipleUserCredentialsLogin_TestNg_PropFile" name="multiUserCredentialsLogin" time="10.243"/>
</testsuite> <!-- OrangeHrm_WebApp_Login_MultipleUsers -->
