<?xml version="1.0" encoding="UTF-8"?>
<testng-results ignored="0" total="2" passed="1" failed="1" skipped="0">
  <reporter-output>
  </reporter-output>
  <suite started-at="2023-10-11T10:53:33 IST" name="Default suite" finished-at="2023-10-11T10:54:04 IST" duration-ms="30704">
    <groups>
    </groups>
    <test started-at="2023-10-11T10:53:33 IST" name="Default test" finished-at="2023-10-11T10:54:04 IST" duration-ms="30704">
      <class name="com.OrangeHRMWebAppTestCases.OrangeHrm_LoginFunctionality_Test">
        <test-method is-config="true" signature="setUp()[pri:0, instance:com.OrangeHRMWebAppTestCases.OrangeHrm_LoginFunctionality_Test@29215f06]" started-at="2023-10-11T10:53:33 IST" name="setUp" finished-at="2023-10-11T10:53:58 IST" duration-ms="25300" status="PASS">
          <reporter-output>
          </reporter-output>
        </test-method> <!-- setUp -->
        <test-method signature="orangeHrmWebApplicationLoginPage()[pri:1, instance:com.OrangeHRMWebAppTestCases.OrangeHrm_LoginFunctionality_Test@29215f06]" started-at="2023-10-11T10:53:58 IST" name="orangeHrmWebApplicationLoginPage" description="Validation of Login Page of OrangeHRM WebApplication" finished-at="2023-10-11T10:53:58 IST" duration-ms="25" status="FAIL">
          <exception class="java.io.FileNotFoundException">
            <message>
              <![CDATA[.\src\com\Excel\Data\Read\1LogInTest.xlsx (The system cannot find the path specified)]]>
            </message>
            <full-stacktrace>
              <![CDATA[java.io.FileNotFoundException: .\src\com\Excel\Data\Read\1LogInTest.xlsx (The system cannot find the path specified)
at java.base/java.io.FileInputStream.open0(Native Method)
at java.base/java.io.FileInputStream.open(FileInputStream.java:216)
at java.base/java.io.FileInputStream.<init>(FileInputStream.java:157)
at java.base/java.io.FileInputStream.<init>(FileInputStream.java:111)
at com.OrangeHRMWebAppTestCases.OrangeHrm_LoginFunctionality_Test.orangeHrmWebApplicationLoginPage(OrangeHrm_LoginFunctionality_Test.java:47)
at java.base/jdk.internal.reflect.NativeMethodAccessorImpl.invoke0(Native Method)
at java.base/jdk.internal.reflect.NativeMethodAccessorImpl.invoke(NativeMethodAccessorImpl.java:77)
at java.base/jdk.internal.reflect.DelegatingMethodAccessorImpl.invoke(DelegatingMethodAccessorImpl.java:43)
at java.base/java.lang.reflect.Method.invoke(Method.java:568)
at org.testng.internal.invokers.MethodInvocationHelper.invokeMethod(MethodInvocationHelper.java:139)
at org.testng.internal.invokers.TestInvoker.invokeMethod(TestInvoker.java:664)
at org.testng.internal.invokers.TestInvoker.invokeTestMethod(TestInvoker.java:227)
at org.testng.internal.invokers.MethodRunner.runInSequence(MethodRunner.java:50)
at org.testng.internal.invokers.TestInvoker$MethodInvocationAgent.invoke(TestInvoker.java:957)
at org.testng.internal.invokers.TestInvoker.invokeTestMethods(TestInvoker.java:200)
at org.testng.internal.invokers.TestMethodWorker.invokeTestMethods(TestMethodWorker.java:148)
at org.testng.internal.invokers.TestMethodWorker.run(TestMethodWorker.java:128)
at java.base/java.util.ArrayList.forEach(ArrayList.java:1511)
at org.testng.TestRunner.privateRun(TestRunner.java:848)
at org.testng.TestRunner.run(TestRunner.java:621)
at org.testng.SuiteRunner.runTest(SuiteRunner.java:443)
at org.testng.SuiteRunner.runSequentially(SuiteRunner.java:437)
at org.testng.SuiteRunner.privateRun(SuiteRunner.java:397)
at org.testng.SuiteRunner.run(SuiteRunner.java:336)
at org.testng.SuiteRunnerWorker.runSuite(SuiteRunnerWorker.java:52)
at org.testng.SuiteRunnerWorker.run(SuiteRunnerWorker.java:95)
at org.testng.TestNG.runSuitesSequentially(TestNG.java:1280)
at org.testng.TestNG.runSuitesLocally(TestNG.java:1200)
at org.testng.TestNG.runSuites(TestNG.java:1114)
at org.testng.TestNG.run(TestNG.java:1082)
at org.testng.remote.AbstractRemoteTestNG.run(AbstractRemoteTestNG.java:115)
at org.testng.remote.RemoteTestNG.initAndRun(RemoteTestNG.java:251)
at org.testng.remote.RemoteTestNG.main(RemoteTestNG.java:77)
]]>
            </full-stacktrace>
          </exception> <!-- java.io.FileNotFoundException -->
          <reporter-output>
          </reporter-output>
        </test-method> <!-- orangeHrmWebApplicationLoginPage -->
        <test-method is-config="true" signature="tearDown()[pri:0, instance:com.OrangeHRMWebAppTestCases.OrangeHrm_LoginFunctionality_Test@29215f06]" started-at="2023-10-11T10:53:58 IST" name="tearDown" finished-at="2023-10-11T10:53:59 IST" duration-ms="679" status="PASS">
          <reporter-output>
          </reporter-output>
        </test-method> <!-- tearDown -->
        <test-method is-config="true" signature="setUp()[pri:0, instance:com.OrangeHRMWebAppTestCases.OrangeHrm_LoginFunctionality_Test@29215f06]" started-at="2023-10-11T10:53:59 IST" name="setUp" finished-at="2023-10-11T10:54:03 IST" duration-ms="4370" status="PASS">
          <reporter-output>
          </reporter-output>
        </test-method> <!-- setUp -->
        <test-method signature="multiUserCredentialsLogin()[pri:2, instance:com.OrangeHRMWebAppTestCases.OrangeHrm_LoginFunctionality_Test@29215f06]" started-at="2023-10-11T10:54:03 IST" name="multiUserCredentialsLogin" description="Validation of Multiple User Credentials" finished-at="2023-10-11T10:54:03 IST" duration-ms="2" status="PASS">
          <reporter-output>
          </reporter-output>
        </test-method> <!-- multiUserCredentialsLogin -->
        <test-method is-config="true" signature="tearDown()[pri:0, instance:com.OrangeHRMWebAppTestCases.OrangeHrm_LoginFunctionality_Test@29215f06]" started-at="2023-10-11T10:54:03 IST" name="tearDown" finished-at="2023-10-11T10:54:04 IST" duration-ms="249" status="PASS">
          <reporter-output>
          </reporter-output>
        </test-method> <!-- tearDown -->
      </class> <!-- com.OrangeHRMWebAppTestCases.OrangeHrm_LoginFunctionality_Test -->
    </test> <!-- Default test -->
  </suite> <!-- Default suite -->
</testng-results>
